  parctice_3.c
c1 : fatal  error C1083: 소스 파일을 열 수 없습니다. '..\..\..\..\..\..\Desktop\2-3주실습 (1)\parctice_3.c': No such file or directory
  parctice_4.c
c1 : fatal  error C1083: 소스 파일을 열 수 없습니다. '..\..\..\..\..\..\Desktop\2-3주실습 (1)\parctice_4.c': No such file or directory
  parctice_5.c
c1 : fatal  error C1083: 소스 파일을 열 수 없습니다. '..\..\..\..\..\..\Desktop\2-3주실습 (1)\parctice_5.c': No such file or directory
  practice_1.c
c1 : fatal  error C1083: 소스 파일을 열 수 없습니다. '..\..\..\..\..\..\Desktop\2-3주실습 (1)\practice_1.c': No such file or directory
  practice_2.c
c1 : fatal  error C1083: 소스 파일을 열 수 없습니다. '..\..\..\..\..\..\Desktop\2-3주실습 (1)\practice_2.c': No such file or directory
  partice_6.c
c1 : fatal  error C1083: 소스 파일을 열 수 없습니다. '..\..\..\..\..\..\Desktop\4weeks\partice_6.c': No such file or directory
  partice_7.c
c1 : fatal  error C1083: 소스 파일을 열 수 없습니다. '..\..\..\..\..\..\Desktop\4weeks\partice_7.c': No such file or directory
  partice_8.c
c1 : fatal  error C1083: 소스 파일을 열 수 없습니다. '..\..\..\..\..\..\Desktop\4weeks\partice_8.c': No such file or directory
  partice_10.c
c1 : fatal  error C1083: 소스 파일을 열 수 없습니다. '..\..\..\..\..\..\Desktop\5weeks\partice_10.c': No such file or directory
  partice_11.c
c1 : fatal  error C1083: 소스 파일을 열 수 없습니다. '..\..\..\..\..\..\Desktop\5weeks\partice_11.c': No such file or directory
  partice_12.c
c1 : fatal  error C1083: 소스 파일을 열 수 없습니다. '..\..\..\..\..\..\Desktop\5weeks\partice_12.c': No such file or directory
  partice_9.c
c1 : fatal  error C1083: 소스 파일을 열 수 없습니다. '..\..\..\..\..\..\Desktop\5weeks\partice_9.c': No such file or directory
  코드를 생성하고 있습니다...
